<?xml version="1.0" encoding="UTF-8"?>
<testng-results ignored="0" total="1" passed="1" failed="0" skipped="0">
  <reporter-output>
  </reporter-output>
  <suite started-at="2023-05-25T10:21:52 NPT" name="Default suite" finished-at="2023-05-25T10:22:15 NPT" duration-ms="22979">
    <groups>
    </groups>
    <test started-at="2023-05-25T10:21:52 NPT" name="Default test" finished-at="2023-05-25T10:22:15 NPT" duration-ms="22979">
      <class name="SeleniumProject.tests.SubmitOrderTest">
        <test-method signature="submitOrder()[pri:0, instance:SeleniumProject.tests.SubmitOrderTest@20deea7f]" started-at="2023-05-25T10:21:52 NPT" name="submitOrder" finished-at="2023-05-25T10:22:15 NPT" duration-ms="22911" status="PASS">
          <reporter-output>
          </reporter-output>
        </test-method> <!-- submitOrder -->
      </class> <!-- SeleniumProject.tests.SubmitOrderTest -->
    </test> <!-- Default test -->
  </suite> <!-- Default suite -->
</testng-results>
